<?xml version="1.0" encoding="UTF-8"?>
<!-- Generated by org.testng.reporters.JUnitReportReporter -->
<testsuite hostname="Dell-PC" name="com.Example.excel" tests="1" failures="0" timestamp="11 Aug 2018 17:37:07 GMT" time="0.717" errors="0">
  <testcase name="afrin" time="0.717" classname="com.Example.excel"/>
</testsuite> <!-- com.Example.excel -->
