<?xml version="1.0" encoding="UTF-8"?>
<!-- Generated by org.testng.reporters.JUnitReportReporter -->
<testsuite hostname="Dell-PC" name="practice.sample123" tests="1" failures="0" timestamp="10 Aug 2018 17:38:00 GMT" time="17.731" errors="0">
  <testcase name="sample" time="17.731" classname="practice.sample123"/>
</testsuite> <!-- practice.sample123 -->
